ESMACAndroidApp/app/manifest-merger-release-report.txt
-- Merging decision tree log ---
manifest
ADDED from AndroidManifest.xml:2:1
	package
		ADDED from AndroidManifest.xml:3:5
		INJECTED from AndroidManifest.xml:0:0
		INJECTED from AndroidManifest.xml:0:0
	android:versionName
		ADDED from AndroidManifest.xml:5:5
		INJECTED from AndroidManifest.xml:0:0
		INJECTED from AndroidManifest.xml:0:0
	android:versionCode
		ADDED from AndroidManifest.xml:4:5
		INJECTED from AndroidManifest.xml:0:0
		INJECTED from AndroidManifest.xml:0:0
	xmlns:android
		ADDED from AndroidManifest.xml:2:11
uses-permission#android.permission.WRITE_EXTERNAL_STORAGE
ADDED from AndroidManifest.xml:7:5
	android:name
		ADDED from AndroidManifest.xml:7:22
uses-permission#android.permission.VIBRATE
ADDED from AndroidManifest.xml:8:5
	android:name
		ADDED from AndroidManifest.xml:8:22
uses-permission#android.permission.WAKE_LOCK
ADDED from AndroidManifest.xml:9:5
	android:name
		ADDED from AndroidManifest.xml:9:22
uses-sdk
ADDED from AndroidManifest.xml:11:5
MERGED from com.android.support:appcompat-v7:21.0.3:15:5
MERGED from com.android.support:support-v4:21.0.3:15:5
MERGED from ESMDummyForAndroidStudio:sensorlibrary:unspecified:7:5
MERGED from com.android.support:appcompat-v7:21.0.3:15:5
MERGED from com.android.support:support-v4:21.0.3:15:5
MERGED from com.google.android.gms:play-services:6.5.87:18:5
MERGED from com.android.support:support-v4:21.0.3:15:5
	android:targetSdkVersion
		ADDED from AndroidManifest.xml:13:9
		INJECTED from AndroidManifest.xml:0:0
		INJECTED from AndroidManifest.xml:0:0
	android:minSdkVersion
		ADDED from AndroidManifest.xml:12:9
		INJECTED from AndroidManifest.xml:0:0
		INJECTED from AndroidManifest.xml:0:0
application
ADDED from AndroidManifest.xml:15:5
MERGED from com.android.support:appcompat-v7:21.0.3:16:5
MERGED from com.android.support:support-v4:21.0.3:16:5
MERGED from ESMDummyForAndroidStudio:sensorlibrary:unspecified:23:5
MERGED from com.android.support:appcompat-v7:21.0.3:16:5
MERGED from com.android.support:support-v4:21.0.3:16:5
MERGED from com.google.android.gms:play-services:6.5.87:20:5
MERGED from com.android.support:support-v4:21.0.3:16:5
	android:label
		ADDED from AndroidManifest.xml:18:9
	android:allowBackup
		ADDED from AndroidManifest.xml:16:9
	android:icon
		ADDED from AndroidManifest.xml:17:9
	android:theme
		ADDED from AndroidManifest.xml:19:9
service#de.kit.esmdummy.service.SensorEvaluationService
ADDED from AndroidManifest.xml:20:9
	android:name
		ADDED from AndroidManifest.xml:20:18
activity#de.kit.esmdummy.ui.QuestionnaireActivity
ADDED from AndroidManifest.xml:22:9
	android:label
		ADDED from AndroidManifest.xml:24:13
	android:launchMode
		ADDED from AndroidManifest.xml:25:13
	android:name
		ADDED from AndroidManifest.xml:23:13
activity#de.kit.esmdummy.ui.MainActivity
ADDED from AndroidManifest.xml:26:9
	android:label
		ADDED from AndroidManifest.xml:28:13
	android:launchMode
		ADDED from AndroidManifest.xml:29:13
	android:name
		ADDED from AndroidManifest.xml:27:13
intent-filter#android.intent.action.MAIN+android.intent.category.LAUNCHER
ADDED from AndroidManifest.xml:30:13
action#android.intent.action.MAIN
ADDED from AndroidManifest.xml:31:17
	android:name
		ADDED from AndroidManifest.xml:31:25
category#android.intent.category.LAUNCHER
ADDED from AndroidManifest.xml:33:17
	android:name
		ADDED from AndroidManifest.xml:33:27
receiver#de.kit.esmdummy.service.CounterAlarmBroadcastReceiver
ADDED from AndroidManifest.xml:37:9
	android:name
		ADDED from AndroidManifest.xml:37:19
uses-permission#android.permission.ACCESS_COARSE_LOCATION
ADDED from ESMDummyForAndroidStudio:sensorlibrary:unspecified:11:5
	android:name
		ADDED from ESMDummyForAndroidStudio:sensorlibrary:unspecified:11:22
uses-permission#android.permission.ACCESS_FINE_LOCATION
ADDED from ESMDummyForAndroidStudio:sensorlibrary:unspecified:12:5
	android:name
		ADDED from ESMDummyForAndroidStudio:sensorlibrary:unspecified:12:22
uses-permission#android.permission.INTERNET
ADDED from ESMDummyForAndroidStudio:sensorlibrary:unspecified:13:5
	android:name
		ADDED from ESMDummyForAndroidStudio:sensorlibrary:unspecified:13:22
uses-permission#android.permission.ACCESS_NETWORK_STATE
ADDED from ESMDummyForAndroidStudio:sensorlibrary:unspecified:14:5
	android:name
		ADDED from ESMDummyForAndroidStudio:sensorlibrary:unspecified:14:22
uses-permission#android.permission.BLUETOOTH
ADDED from ESMDummyForAndroidStudio:sensorlibrary:unspecified:15:5
	android:name
		ADDED from ESMDummyForAndroidStudio:sensorlibrary:unspecified:15:22
uses-permission#android.permission.BLUETOOTH_ADMIN
ADDED from ESMDummyForAndroidStudio:sensorlibrary:unspecified:16:5
	android:name
		ADDED from ESMDummyForAndroidStudio:sensorlibrary:unspecified:16:22
uses-permission#com.google.android.gms.permission.ACTIVITY_RECOGNITION
ADDED from ESMDummyForAndroidStudio:sensorlibrary:unspecified:17:5
	android:name
		ADDED from ESMDummyForAndroidStudio:sensorlibrary:unspecified:17:22
uses-permission#android.permission.READ_PHONE_STATE
ADDED from ESMDummyForAndroidStudio:sensorlibrary:unspecified:18:5
	android:name
		ADDED from ESMDummyForAndroidStudio:sensorlibrary:unspecified:18:22
uses-permission#android.permission.RECEIVE_SMS
ADDED from ESMDummyForAndroidStudio:sensorlibrary:unspecified:19:5
	android:name
		ADDED from ESMDummyForAndroidStudio:sensorlibrary:unspecified:19:22
uses-permission#android.permission.READ_CALENDAR
ADDED from ESMDummyForAndroidStudio:sensorlibrary:unspecified:20:5
	android:name
		ADDED from ESMDummyForAndroidStudio:sensorlibrary:unspecified:20:22
uses-permission#android.permission.RECORD_AUDIO
ADDED from ESMDummyForAndroidStudio:sensorlibrary:unspecified:21:5
	android:name
		ADDED from ESMDummyForAndroidStudio:sensorlibrary:unspecified:21:22
service#de.kit.sensorlibrary.sensor.locationsensor.LocationIntentService
ADDED from ESMDummyForAndroidStudio:sensorlibrary:unspecified:27:9
	android:name
		ADDED from ESMDummyForAndroidStudio:sensorlibrary:unspecified:27:18
service#de.kit.sensorlibrary.sensor.locationsensor.LocationIntentServiceReceiver
ADDED from ESMDummyForAndroidStudio:sensorlibrary:unspecified:28:9
	android:name
		ADDED from ESMDummyForAndroidStudio:sensorlibrary:unspecified:28:18
service#de.kit.sensorlibrary.sensor.useractivitysensor.ActivityRecognitionService
ADDED from ESMDummyForAndroidStudio:sensorlibrary:unspecified:29:9
	android:name
		ADDED from ESMDummyForAndroidStudio:sensorlibrary:unspecified:29:18
service#de.kit.sensorlibrary.sensor.appactivitysensor.AppActivityIntentService
ADDED from ESMDummyForAndroidStudio:sensorlibrary:unspecified:30:9
	android:name
		ADDED from ESMDummyForAndroidStudio:sensorlibrary:unspecified:30:18
service#de.kit.sensorlibrary.sensor.geofencingsensor.GeofenceIntentService
ADDED from ESMDummyForAndroidStudio:sensorlibrary:unspecified:31:9
	android:name
		ADDED from ESMDummyForAndroidStudio:sensorlibrary:unspecified:31:18
service#de.kit.sensorlibrary.sensor.timesensor.TimeAlarmIntentService
ADDED from ESMDummyForAndroidStudio:sensorlibrary:unspecified:32:9
	android:name
		ADDED from ESMDummyForAndroidStudio:sensorlibrary:unspecified:32:18
service#de.kit.sensorlibrary.sensor.timesensor.TimeAlarmDailyIntentService
ADDED from ESMDummyForAndroidStudio:sensorlibrary:unspecified:33:9
	android:name
		ADDED from ESMDummyForAndroidStudio:sensorlibrary:unspecified:33:18
service#de.kit.sensorlibrary.sensor.notificationsensor.NotificationAccessService
ADDED from ESMDummyForAndroidStudio:sensorlibrary:unspecified:34:9
	android:label
		ADDED from ESMDummyForAndroidStudio:sensorlibrary:unspecified:36:13
	android:permission
		ADDED from ESMDummyForAndroidStudio:sensorlibrary:unspecified:37:13
	android:name
		ADDED from ESMDummyForAndroidStudio:sensorlibrary:unspecified:35:13
intent-filter#android.service.notification.NotificationListenerService
ADDED from ESMDummyForAndroidStudio:sensorlibrary:unspecified:38:13
action#android.service.notification.NotificationListenerService
ADDED from ESMDummyForAndroidStudio:sensorlibrary:unspecified:39:17
	android:name
		ADDED from ESMDummyForAndroidStudio:sensorlibrary:unspecified:39:25
meta-data#com.google.android.gms.version
ADDED from com.google.android.gms:play-services:6.5.87:21:9
	android:value
		ADDED from com.google.android.gms:play-services:6.5.87:23:13
	android:name
		ADDED from com.google.android.gms:play-services:6.5.87:22:13